TN:
SF:app.js
FN:30,(anonymous_0)
FN:35,(anonymous_1)
FNF:2
FNH:2
FNDA:2,(anonymous_0)
FNDA:30,(anonymous_1)
DA:5,4
DA:6,4
DA:8,4
DA:10,4
DA:11,4
DA:12,4
DA:13,4
DA:15,4
DA:17,4
DA:19,4
DA:20,4
DA:21,4
DA:22,4
DA:24,4
DA:25,4
DA:26,4
DA:30,4
DA:31,2
DA:35,4
DA:36,30
DA:37,30
DA:38,30
DA:40,30
DA:45,4
LF:24
LH:24
BRDA:36,0,0,1
BRDA:36,0,1,29
BRDA:37,1,0,30
BRDA:37,1,1,2
BRF:4
BRH:4
end_of_record
TN:
SF:config.js
FN:13,getDatabaseUri
FNF:1
FNH:1
FNDA:19,getDatabaseUri
DA:5,9
DA:6,9
DA:8,9
DA:10,9
DA:14,19
DA:22,9
DA:24,9
DA:25,9
DA:26,9
DA:27,9
DA:28,9
DA:29,9
DA:31,9
LF:13
LH:13
BRDA:8,0,0,9
BRDA:8,0,1,8
BRDA:10,1,0,9
BRDA:10,1,1,8
BRDA:14,2,0,16
BRDA:14,2,1,3
BRDA:16,3,0,3
BRDA:16,3,1,1
BRDA:22,4,0,8
BRDA:22,4,1,1
BRF:10
BRH:10
end_of_record
TN:
SF:db.js
FNF:0
FNH:0
DA:5,7
DA:6,7
DA:8,7
DA:12,7
DA:14,7
LF:5
LH:5
BRF:0
BRH:0
end_of_record
TN:
SF:expressError.js
FN:8,(anonymous_0)
FN:18,(anonymous_1)
FN:26,(anonymous_2)
FN:34,(anonymous_3)
FN:42,(anonymous_4)
FNF:5
FNH:4
FNDA:47,(anonymous_0)
FNDA:14,(anonymous_1)
FNDA:14,(anonymous_2)
FNDA:19,(anonymous_3)
FNDA:0,(anonymous_4)
DA:9,47
DA:10,47
DA:11,47
DA:19,14
DA:27,14
DA:35,19
DA:43,0
DA:47,8
LF:8
LH:7
BRDA:18,0,0,2
BRDA:26,1,0,10
BRDA:34,2,0,0
BRDA:42,3,0,0
BRF:4
BRH:2
end_of_record
TN:
SF:helpers/sql.js
FN:16,sqlForPartialUpdate
FN:22,(anonymous_1)
FN:44,sqlForSearch
FNF:3
FNH:3
FNDA:15,sqlForPartialUpdate
FNDA:26,(anonymous_1)
FNDA:8,sqlForSearch
DA:1,8
DA:17,15
DA:18,15
DA:21,12
DA:22,26
DA:25,12
DA:46,8
DA:47,8
DA:48,6
DA:51,6
DA:52,3
DA:58,6
DA:61,6
DA:64,6
DA:65,4
DA:66,4
DA:69,6
DA:70,4
DA:71,4
DA:74,6
DA:75,3
DA:76,3
DA:81,6
DA:83,6
DA:89,8
LF:25
LH:25
BRDA:18,0,0,3
BRDA:18,0,1,12
BRDA:22,1,0,26
BRDA:22,1,1,14
BRDA:47,2,0,2
BRDA:47,2,1,6
BRDA:51,3,0,3
BRDA:51,3,1,3
BRDA:64,4,0,4
BRDA:64,4,1,2
BRDA:69,5,0,4
BRDA:69,5,1,2
BRDA:74,6,0,3
BRDA:74,6,1,3
BRF:14
BRH:14
end_of_record
TN:
SF:helpers/tokens.js
FN:6,createToken
FNF:1
FNH:1
FNDA:10,createToken
DA:1,5
DA:2,5
DA:7,10
DA:10,10
DA:15,10
DA:18,5
LF:6
LH:6
BRDA:12,0,0,10
BRDA:12,0,1,8
BRF:2
BRH:2
end_of_record
TN:
SF:middleware/auth.js
FN:18,authenticateJWT
FN:36,ensureLoggedIn
FN:51,ensureAdmin
FNF:3
FNH:3
FNDA:49,authenticateJWT
FNDA:34,ensureLoggedIn
FNDA:1,ensureAdmin
DA:5,5
DA:6,5
DA:7,5
DA:8,5
DA:19,49
DA:20,49
DA:21,49
DA:22,26
DA:23,26
DA:25,48
DA:27,1
DA:38,34
DA:39,34
DA:40,24
DA:42,10
DA:52,1
DA:53,1
DA:54,0
DA:56,1
DA:58,0
DA:62,5
LF:21
LH:19
BRDA:20,0,0,49
BRDA:20,0,1,48
BRDA:21,1,0,26
BRDA:21,1,1,23
BRDA:39,2,0,10
BRDA:39,2,1,24
BRDA:53,3,0,0
BRDA:53,3,1,1
BRDA:53,4,0,1
BRDA:53,4,1,1
BRF:10
BRH:9
end_of_record
TN:
SF:models/_testCommon.js
FN:8,commonBeforeAll
FN:37,commonBeforeEach
FN:42,commonAfterEach
FN:46,commonAfterAll
FNF:4
FNH:4
FNDA:2,commonBeforeAll
FNDA:30,commonBeforeEach
FNDA:30,commonAfterEach
FNDA:2,commonAfterAll
DA:1,2
DA:3,2
DA:4,2
DA:10,2
DA:12,2
DA:14,2
DA:20,2
DA:38,30
DA:43,30
DA:47,2
DA:50,2
LF:11
LH:11
BRF:0
BRH:0
end_of_record
TN:
SF:models/company.js
FN:19,(anonymous_0)
FN:52,(anonymous_1)
FN:73,(anonymous_2)
FN:106,(anonymous_3)
FN:143,(anonymous_4)
FN:169,(anonymous_5)
FNF:6
FNH:6
FNDA:13,(anonymous_0)
FNDA:3,(anonymous_1)
FNDA:5,(anonymous_2)
FNDA:5,(anonymous_3)
FNDA:6,(anonymous_4)
FNDA:4,(anonymous_5)
DA:3,5
DA:4,5
DA:5,5
DA:20,13
DA:27,13
DA:28,1
DA:30,12
DA:42,12
DA:44,12
DA:53,3
DA:62,2
DA:74,5
DA:85,5
DA:87,5
DA:89,3
DA:107,5
DA:108,1
DA:110,4
DA:112,4
DA:113,3
DA:114,3
DA:116,3
DA:124,3
DA:125,3
DA:126,3
DA:128,3
DA:144,6
DA:148,5
DA:150,5
DA:155,5
DA:157,5
DA:159,5
DA:161,3
DA:170,4
DA:177,4
DA:179,4
DA:183,5
LF:37
LH:37
BRDA:27,0,0,1
BRDA:27,0,1,12
BRDA:87,1,0,2
BRDA:87,1,1,3
BRDA:107,2,0,1
BRDA:107,2,1,4
BRDA:159,3,0,2
BRDA:159,3,1,3
BRDA:179,4,0,2
BRDA:179,4,1,2
BRF:10
BRH:10
end_of_record
TN:
SF:models/user.js
FN:24,(anonymous_0)
FN:59,(anonymous_1)
FN:104,(anonymous_2)
FN:126,(anonymous_3)
FN:162,(anonymous_4)
FN:195,(anonymous_5)
FNF:6
FNH:6
FNDA:7,(anonymous_0)
FNDA:16,(anonymous_1)
FNDA:3,(anonymous_2)
FNDA:4,(anonymous_3)
FNDA:7,(anonymous_4)
FNDA:4,(anonymous_5)
DA:3,6
DA:4,6
DA:5,6
DA:10,6
DA:12,6
DA:26,7
DA:38,7
DA:40,7
DA:42,4
DA:43,4
DA:44,3
DA:45,3
DA:49,4
DA:61,16
DA:68,16
DA:69,1
DA:72,15
DA:74,15
DA:94,15
DA:96,15
DA:105,3
DA:115,2
DA:127,4
DA:138,4
DA:140,4
DA:142,2
DA:163,7
DA:164,2
DA:167,7
DA:174,6
DA:176,6
DA:184,6
DA:185,6
DA:187,6
DA:189,4
DA:190,4
DA:196,4
DA:203,4
DA:205,4
DA:210,6
LF:40
LH:40
BRDA:40,0,0,4
BRDA:40,0,1,3
BRDA:43,1,0,3
BRDA:43,1,1,1
BRDA:68,2,0,1
BRDA:68,2,1,15
BRDA:140,3,0,2
BRDA:140,3,1,2
BRDA:163,4,0,2
BRDA:163,4,1,5
BRDA:187,5,0,2
BRDA:187,5,1,4
BRDA:205,6,0,2
BRDA:205,6,1,2
BRF:14
BRH:14
end_of_record
TN:
SF:routes/_testCommon.js
FN:8,commonBeforeAll
FN:65,commonBeforeEach
FN:69,commonAfterEach
FN:73,commonAfterAll
FNF:4
FNH:4
FNDA:3,commonBeforeAll
FNDA:44,commonBeforeEach
FNDA:44,commonAfterEach
FNDA:3,commonAfterAll
DA:3,3
DA:4,3
DA:5,3
DA:6,3
DA:10,3
DA:12,3
DA:14,3
DA:22,3
DA:30,3
DA:39,3
DA:47,3
DA:55,3
DA:66,44
DA:70,44
DA:74,3
DA:78,3
DA:81,3
LF:17
LH:17
BRF:0
BRH:0
end_of_record
TN:
SF:routes/auth.js
FN:22,(anonymous_0)
FN:25,(anonymous_1)
FN:45,(anonymous_2)
FN:48,(anonymous_3)
FNF:4
FNH:4
FNDA:5,(anonymous_0)
FNDA:2,(anonymous_1)
FNDA:3,(anonymous_2)
FNDA:5,(anonymous_3)
DA:5,4
DA:7,4
DA:8,4
DA:9,4
DA:10,4
DA:11,4
DA:12,4
DA:13,4
DA:22,4
DA:23,5
DA:24,5
DA:25,2
DA:26,2
DA:29,3
DA:30,3
DA:31,1
DA:32,1
DA:45,4
DA:46,3
DA:47,3
DA:48,5
DA:49,2
DA:51,1
DA:53,1
DA:54,1
DA:55,1
DA:59,4
LF:27
LH:27
BRDA:24,0,0,2
BRDA:24,0,1,3
BRDA:47,1,0,2
BRDA:47,1,1,1
BRDA:51,2,0,1
BRDA:51,2,1,1
BRF:6
BRH:6
end_of_record
TN:
SF:routes/companies.js
FN:26,(anonymous_0)
FN:29,(anonymous_1)
FN:51,(anonymous_2)
FN:74,(anonymous_3)
FN:90,(anonymous_4)
FN:93,(anonymous_5)
FN:106,(anonymous_6)
FNF:7
FNH:7
FNDA:3,(anonymous_0)
FNDA:3,(anonymous_1)
FNDA:3,(anonymous_2)
FNDA:3,(anonymous_3)
FNDA:4,(anonymous_4)
FNDA:2,(anonymous_5)
FNDA:2,(anonymous_6)
DA:5,4
DA:6,4
DA:8,4
DA:9,4
DA:10,4
DA:12,4
DA:13,4
DA:15,4
DA:26,4
DA:27,3
DA:28,3
DA:29,3
DA:30,2
DA:33,1
DA:34,1
DA:51,4
DA:57,3
DA:58,1
DA:60,2
DA:63,2
DA:74,4
DA:75,3
DA:76,2
DA:90,4
DA:91,4
DA:92,4
DA:93,2
DA:94,2
DA:97,2
DA:98,1
DA:106,4
DA:107,2
DA:108,1
DA:111,4
LF:34
LH:34
BRDA:28,0,0,2
BRDA:28,0,1,1
BRDA:57,1,0,1
BRDA:57,1,1,2
BRDA:92,2,0,2
BRDA:92,2,1,2
BRF:6
BRH:6
end_of_record
TN:
SF:routes/users.js
FN:30,(anonymous_0)
FN:33,(anonymous_1)
FN:50,(anonymous_2)
FN:63,(anonymous_3)
FN:79,(anonymous_4)
FN:82,(anonymous_5)
FN:96,(anonymous_6)
FNF:7
FNH:7
FNDA:4,(anonymous_0)
FNDA:5,(anonymous_1)
FNDA:2,(anonymous_2)
FNDA:2,(anonymous_3)
FNDA:4,(anonymous_4)
FNDA:1,(anonymous_5)
FNDA:2,(anonymous_6)
DA:5,4
DA:7,4
DA:8,4
DA:9,4
DA:10,4
DA:11,4
DA:12,4
DA:13,4
DA:15,4
DA:30,4
DA:31,4
DA:32,4
DA:33,5
DA:34,2
DA:37,2
DA:38,2
DA:39,2
DA:50,4
DA:51,2
DA:52,1
DA:63,4
DA:64,2
DA:65,1
DA:79,4
DA:80,4
DA:81,4
DA:82,1
DA:83,1
DA:86,3
DA:87,2
DA:96,4
DA:97,2
DA:98,1
DA:102,4
LF:34
LH:34
BRDA:32,0,0,2
BRDA:32,0,1,2
BRDA:81,1,0,1
BRDA:81,1,1,3
BRF:4
BRH:4
end_of_record
