TN:
SF:app.js
FN:30,(anonymous_0)
FN:35,(anonymous_1)
FNF:2
FNH:2
FNDA:2,(anonymous_0)
FNDA:36,(anonymous_1)
DA:5,4
DA:6,4
DA:8,4
DA:10,4
DA:11,4
DA:12,4
DA:13,4
DA:15,4
DA:17,4
DA:19,4
DA:20,4
DA:21,4
DA:22,4
DA:24,4
DA:25,4
DA:26,4
DA:30,4
DA:31,2
DA:35,4
DA:36,36
DA:37,36
DA:38,36
DA:40,36
DA:45,4
LF:24
LH:24
BRDA:36,0,0,1
BRDA:36,0,1,35
BRDA:37,1,0,36
BRDA:37,1,1,2
BRF:4
BRH:4
end_of_record
TN:
SF:config.js
FN:13,getDatabaseUri
FNF:1
FNH:1
FNDA:19,getDatabaseUri
DA:5,9
DA:6,9
DA:8,9
DA:10,9
DA:14,19
DA:22,9
DA:24,9
DA:25,9
DA:26,9
DA:27,9
DA:28,9
DA:29,9
DA:31,9
LF:13
LH:13
BRDA:8,0,0,9
BRDA:8,0,1,8
BRDA:10,1,0,9
BRDA:10,1,1,8
BRDA:14,2,0,16
BRDA:14,2,1,3
BRDA:16,3,0,3
BRDA:16,3,1,1
BRDA:22,4,0,8
BRDA:22,4,1,1
BRF:10
BRH:10
end_of_record
TN:
SF:db.js
FNF:0
FNH:0
DA:5,7
DA:6,7
DA:8,7
DA:12,7
DA:14,7
LF:5
LH:5
BRF:0
BRH:0
end_of_record
TN:
SF:expressError.js
FN:8,(anonymous_0)
FN:18,(anonymous_1)
FN:26,(anonymous_2)
FN:34,(anonymous_3)
FN:42,(anonymous_4)
FNF:5
FNH:4
FNDA:55,(anonymous_0)
FNDA:11,(anonymous_1)
FNDA:24,(anonymous_2)
FNDA:20,(anonymous_3)
FNDA:0,(anonymous_4)
DA:9,55
DA:10,55
DA:11,55
DA:19,11
DA:27,24
DA:35,20
DA:43,0
DA:47,8
LF:8
LH:7
BRDA:18,0,0,2
BRDA:26,1,0,20
BRDA:34,2,0,0
BRDA:42,3,0,0
BRF:4
BRH:2
end_of_record
TN:
SF:helpers/sql.js
FN:15,sqlForPartialUpdate
FN:21,(anonymous_1)
FN:42,sqlForByNumEmployeesOrName
FNF:3
FNH:3
FNDA:15,sqlForPartialUpdate
FNDA:26,(anonymous_1)
FNDA:9,sqlForByNumEmployeesOrName
DA:1,8
DA:16,15
DA:17,15
DA:20,12
DA:21,26
DA:24,12
DA:44,9
DA:45,9
DA:46,7
DA:49,7
DA:50,4
DA:56,7
DA:59,7
DA:62,7
DA:63,5
DA:64,5
DA:67,7
DA:68,5
DA:69,5
DA:72,7
DA:73,4
DA:74,4
DA:79,7
DA:81,7
DA:87,8
LF:25
LH:25
BRDA:17,0,0,3
BRDA:17,0,1,12
BRDA:21,1,0,26
BRDA:21,1,1,14
BRDA:45,2,0,2
BRDA:45,2,1,7
BRDA:49,3,0,4
BRDA:49,3,1,3
BRDA:62,4,0,5
BRDA:62,4,1,2
BRDA:67,5,0,5
BRDA:67,5,1,2
BRDA:72,6,0,4
BRDA:72,6,1,3
BRF:14
BRH:14
end_of_record
TN:
SF:helpers/tokens.js
FN:6,createToken
FNF:1
FNH:1
FNDA:12,createToken
DA:1,5
DA:2,5
DA:7,12
DA:10,12
DA:15,12
DA:18,5
LF:6
LH:6
BRDA:12,0,0,12
BRDA:12,0,1,7
BRF:2
BRH:2
end_of_record
TN:
SF:middleware/auth.js
FN:18,authenticateJWT
FN:36,ensureLoggedIn
FN:50,ensureAdmin
FN:66,ensureAdminOrSameUser
FNF:4
FNH:4
FNDA:58,authenticateJWT
FNDA:2,ensureLoggedIn
FNDA:26,ensureAdmin
FNDA:18,ensureAdminOrSameUser
DA:5,5
DA:6,5
DA:7,5
DA:8,5
DA:19,58
DA:20,58
DA:21,58
DA:22,33
DA:23,33
DA:25,57
DA:27,1
DA:37,2
DA:38,2
DA:39,1
DA:41,1
DA:51,26
DA:52,26
DA:53,11
DA:55,15
DA:57,11
DA:67,18
DA:68,18
DA:72,18
DA:73,8
DA:75,10
DA:77,8
DA:81,5
LF:27
LH:27
BRDA:20,0,0,58
BRDA:20,0,1,57
BRDA:21,1,0,33
BRDA:21,1,1,25
BRDA:38,2,0,1
BRDA:38,2,1,1
BRDA:52,3,0,11
BRDA:52,3,1,15
BRDA:52,4,0,26
BRDA:52,4,1,20
BRDA:72,5,0,8
BRDA:72,5,1,10
BRDA:72,6,0,18
BRDA:72,6,1,15
BRDA:72,7,0,15
BRDA:72,7,1,11
BRF:16
BRH:16
end_of_record
TN:
SF:models/_testCommon.js
FN:8,commonBeforeAll
FN:37,commonBeforeEach
FN:42,commonAfterEach
FN:46,commonAfterAll
FNF:4
FNH:4
FNDA:2,commonBeforeAll
FNDA:30,commonBeforeEach
FNDA:30,commonAfterEach
FNDA:2,commonAfterAll
DA:1,2
DA:3,2
DA:4,2
DA:10,2
DA:12,2
DA:14,2
DA:20,2
DA:38,30
DA:43,30
DA:47,2
DA:50,2
LF:11
LH:11
BRF:0
BRH:0
end_of_record
TN:
SF:models/company.js
FN:22,(anonymous_0)
FN:55,(anonymous_1)
FN:76,(anonymous_2)
FN:109,(anonymous_3)
FN:146,(anonymous_4)
FN:172,(anonymous_5)
FNF:6
FNH:6
FNDA:13,(anonymous_0)
FNDA:3,(anonymous_1)
FNDA:5,(anonymous_2)
FNDA:7,(anonymous_3)
FNDA:6,(anonymous_4)
FNDA:4,(anonymous_5)
DA:3,5
DA:4,5
DA:8,5
DA:23,13
DA:30,13
DA:31,1
DA:33,12
DA:45,12
DA:47,12
DA:56,3
DA:65,2
DA:77,5
DA:88,5
DA:90,5
DA:92,3
DA:110,7
DA:111,2
DA:113,5
DA:115,5
DA:116,4
DA:117,4
DA:119,4
DA:127,4
DA:128,4
DA:129,4
DA:131,4
DA:147,6
DA:151,5
DA:153,5
DA:158,5
DA:160,5
DA:162,5
DA:164,3
DA:173,4
DA:180,4
DA:182,4
DA:186,5
LF:37
LH:37
BRDA:30,0,0,1
BRDA:30,0,1,12
BRDA:90,1,0,2
BRDA:90,1,1,3
BRDA:110,2,0,2
BRDA:110,2,1,5
BRDA:162,3,0,2
BRDA:162,3,1,3
BRDA:182,4,0,2
BRDA:182,4,1,2
BRF:10
BRH:10
end_of_record
TN:
SF:models/user.js
FN:24,(anonymous_0)
FN:59,(anonymous_1)
FN:104,(anonymous_2)
FN:126,(anonymous_3)
FN:162,(anonymous_4)
FN:195,(anonymous_5)
FNF:6
FNH:6
FNDA:7,(anonymous_0)
FNDA:15,(anonymous_1)
FNDA:3,(anonymous_2)
FNDA:4,(anonymous_3)
FNDA:7,(anonymous_4)
FNDA:4,(anonymous_5)
DA:3,6
DA:4,6
DA:5,6
DA:10,6
DA:12,6
DA:26,7
DA:38,7
DA:40,7
DA:42,4
DA:43,4
DA:44,3
DA:45,3
DA:49,4
DA:61,15
DA:68,15
DA:69,1
DA:72,14
DA:74,14
DA:94,14
DA:96,14
DA:105,3
DA:115,2
DA:127,4
DA:138,4
DA:140,4
DA:142,3
DA:163,7
DA:164,2
DA:167,7
DA:174,6
DA:176,6
DA:184,6
DA:185,6
DA:187,6
DA:189,5
DA:190,5
DA:196,4
DA:203,4
DA:205,4
DA:210,6
LF:40
LH:40
BRDA:40,0,0,4
BRDA:40,0,1,3
BRDA:43,1,0,3
BRDA:43,1,1,1
BRDA:68,2,0,1
BRDA:68,2,1,14
BRDA:140,3,0,1
BRDA:140,3,1,3
BRDA:163,4,0,2
BRDA:163,4,1,5
BRDA:187,5,0,1
BRDA:187,5,1,5
BRDA:205,6,0,1
BRDA:205,6,1,3
BRF:14
BRH:14
end_of_record
TN:
SF:routes/_testCommon.js
FN:8,commonBeforeAll
FN:62,commonBeforeEach
FN:66,commonAfterEach
FN:70,commonAfterAll
FNF:4
FNH:4
FNDA:3,commonBeforeAll
FNDA:53,commonBeforeEach
FNDA:53,commonAfterEach
FNDA:3,commonAfterAll
DA:3,3
DA:4,3
DA:5,3
DA:6,3
DA:10,3
DA:12,3
DA:14,3
DA:21,3
DA:28,3
DA:36,3
DA:44,3
DA:52,3
DA:63,53
DA:67,53
DA:71,3
DA:74,3
DA:75,3
DA:77,3
LF:18
LH:18
BRF:0
BRH:0
end_of_record
TN:
SF:routes/auth.js
FN:23,(anonymous_0)
FN:26,(anonymous_1)
FN:45,(anonymous_2)
FN:49,(anonymous_3)
FNF:4
FNH:4
FNDA:5,(anonymous_0)
FNDA:2,(anonymous_1)
FNDA:3,(anonymous_2)
FNDA:5,(anonymous_3)
DA:5,4
DA:7,4
DA:8,4
DA:9,4
DA:10,4
DA:11,4
DA:12,4
DA:14,4
DA:23,4
DA:24,5
DA:25,5
DA:26,2
DA:27,2
DA:30,3
DA:31,3
DA:32,1
DA:33,1
DA:45,4
DA:47,3
DA:48,3
DA:49,5
DA:50,2
DA:53,1
DA:54,1
DA:55,1
DA:58,4
LF:26
LH:26
BRDA:25,0,0,2
BRDA:25,0,1,3
BRDA:48,1,0,2
BRDA:48,1,1,1
BRF:4
BRH:4
end_of_record
TN:
SF:routes/companies.js
FN:26,(anonymous_0)
FN:29,(anonymous_1)
FN:51,(anonymous_2)
FN:74,(anonymous_3)
FN:90,(anonymous_4)
FN:93,(anonymous_5)
FN:106,(anonymous_6)
FNF:7
FNH:7
FNDA:3,(anonymous_0)
FNDA:3,(anonymous_1)
FNDA:5,(anonymous_2)
FNDA:3,(anonymous_3)
FNDA:4,(anonymous_4)
FNDA:2,(anonymous_5)
FNDA:2,(anonymous_6)
DA:5,4
DA:6,4
DA:8,4
DA:9,4
DA:10,4
DA:12,4
DA:13,4
DA:15,4
DA:26,4
DA:27,3
DA:28,3
DA:29,3
DA:30,2
DA:33,1
DA:34,1
DA:51,4
DA:57,5
DA:58,3
DA:60,2
DA:63,3
DA:74,4
DA:75,3
DA:76,2
DA:90,4
DA:91,4
DA:92,4
DA:93,2
DA:94,2
DA:97,2
DA:98,1
DA:106,4
DA:107,2
DA:108,1
DA:111,4
LF:34
LH:34
BRDA:28,0,0,2
BRDA:28,0,1,1
BRDA:57,1,0,3
BRDA:57,1,1,2
BRDA:92,2,0,2
BRDA:92,2,1,2
BRF:6
BRH:6
end_of_record
TN:
SF:routes/users.js
FN:29,(anonymous_0)
FN:32,(anonymous_1)
FN:48,(anonymous_2)
FN:60,(anonymous_3)
FN:75,(anonymous_4)
FN:78,(anonymous_5)
FN:91,(anonymous_6)
FNF:7
FNH:7
FNDA:3,(anonymous_0)
FNDA:5,(anonymous_1)
FNDA:2,(anonymous_2)
FNDA:2,(anonymous_3)
FNDA:4,(anonymous_4)
FNDA:1,(anonymous_5)
FNDA:2,(anonymous_6)
DA:5,4
DA:7,4
DA:8,4
DA:9,4
DA:10,4
DA:11,4
DA:12,4
DA:13,4
DA:15,4
DA:29,4
DA:30,3
DA:31,3
DA:32,5
DA:33,2
DA:36,1
DA:37,1
DA:38,1
DA:48,4
DA:49,2
DA:50,1
DA:60,4
DA:61,2
DA:62,2
DA:75,4
DA:76,4
DA:77,4
DA:78,1
DA:79,1
DA:82,3
DA:83,3
DA:91,4
DA:92,2
DA:93,2
DA:96,4
LF:34
LH:34
BRDA:31,0,0,2
BRDA:31,0,1,1
BRDA:77,1,0,1
BRDA:77,1,1,3
BRF:4
BRH:4
end_of_record
